This file contains any messages produced by compilers while
running configure, to aid debugging if configure makes a mistake.

It was created by configure, which was
generated by GNU Autoconf 2.63.  Invocation command line was

  $ ./configure 

## --------- ##
## Platform. ##
## --------- ##

hostname = crust
uname -m = i686
uname -r = 2.6.27.42-0.1-default
uname -s = Linux
uname -v = #1 SMP 2010-01-06 16:07:25 +0100

/usr/bin/uname -p = unknown
/bin/uname -X     = unknown

/bin/arch              = i686
/usr/bin/arch -k       = unknown
/usr/convex/getsysinfo = unknown
/usr/bin/hostinfo      = unknown
/bin/machine           = unknown
/usr/bin/oslevel       = unknown
/bin/universe          = unknown

PATH: .
PATH: .
PATH: /home/rbh/bin
PATH: /usr/local/bin
PATH: /usr/bin
PATH: /bin
PATH: /usr/bin/X11
PATH: /usr/X11R6/bin
PATH: /usr/games
PATH: /opt/kde3/bin
PATH: /usr/lib/jvm/jre/bin
PATH: /usr/lib/mit/bin
PATH: /usr/lib/mit/sbin
PATH: .
PATH: /home/rbh/PROGRAMS.310t/PROGRAMS.330/bin
PATH: /home/opt/sac_v59.45/bin
PATH: /home/opt/bin
PATH: /home/opt/local/bin
PATH: /home/opt/GMT3.4/bin
PATH: /home/rbh/PROGRAMS.310t/SOD/sod-2.2.2/bin
PATH: /home/opt/TauP-1.1.7/bin
PATH: /home/rbh/PROGRAMS.310t/JEVALRESP
PATH: /home/opt/passcal/bin
PATH: /home/opt/TauP-1.1.7/bin


## ----------- ##
## Core tests. ##
## ----------- ##

configure:2070: checking for a BSD-compatible install
configure:2138: result: /usr/bin/install -c
configure:2149: checking whether build environment is sane
configure:2209: result: yes
configure:2350: checking for a thread-safe mkdir -p
configure:2389: result: /bin/mkdir -p
configure:2402: checking for gawk
configure:2418: found /usr/bin/gawk
configure:2429: result: gawk
configure:2440: checking whether make sets $(MAKE)
configure:2462: result: yes
configure:2593: checking for gcc
configure:2609: found /usr/bin/gcc
configure:2620: result: gcc
configure:2852: checking for C compiler version
configure:2860: gcc --version >&5
gcc (SUSE Linux) 4.3.2 [gcc-4_3-branch revision 141291]
Copyright (C) 2008 Free Software Foundation, Inc.
This is free software; see the source for copying conditions.  There is NO
warranty; not even for MERCHANTABILITY or FITNESS FOR A PARTICULAR PURPOSE.

configure:2864: $? = 0
configure:2871: gcc -v >&5
Using built-in specs.
Target: i586-suse-linux
Configured with: ../configure --prefix=/usr --infodir=/usr/share/info --mandir=/usr/share/man --libdir=/usr/lib --libexecdir=/usr/lib --enable-languages=c,c++,objc,fortran,obj-c++,java,ada --enable-checking=release --with-gxx-include-dir=/usr/include/c++/4.3 --enable-ssp --disable-libssp --with-bugurl=http://bugs.opensuse.org/ --with-pkgversion='SUSE Linux' --disable-libgcj --disable-libmudflap --with-slibdir=/lib --with-system-zlib --enable-__cxa_atexit --enable-libstdcxx-allocator=new --disable-libstdcxx-pch --enable-version-specific-runtime-libs --program-suffix=-4.3 --enable-linux-futex --without-system-libunwind --with-cpu=generic --build=i586-suse-linux
Thread model: posix
gcc version 4.3.2 [gcc-4_3-branch revision 141291] (SUSE Linux) 
configure:2875: $? = 0
configure:2882: gcc -V >&5
gcc: '-V' option must have argument
configure:2886: $? = 1
configure:2909: checking for C compiler default output file name
configure:2931: gcc    conftest.c  >&5
configure:2935: $? = 0
configure:2973: result: a.out
configure:2992: checking whether the C compiler works
configure:3002: ./a.out
configure:3006: $? = 0
configure:3025: result: yes
configure:3032: checking whether we are cross compiling
configure:3034: result: no
configure:3037: checking for suffix of executables
configure:3044: gcc -o conftest    conftest.c  >&5
configure:3048: $? = 0
configure:3074: result: 
configure:3080: checking for suffix of object files
configure:3106: gcc -c   conftest.c >&5
configure:3110: $? = 0
configure:3135: result: o
configure:3139: checking whether we are using the GNU C compiler
configure:3168: gcc -c   conftest.c >&5
configure:3175: $? = 0
configure:3192: result: yes
configure:3201: checking whether gcc accepts -g
configure:3231: gcc -c -g  conftest.c >&5
configure:3238: $? = 0
configure:3339: result: yes
configure:3356: checking for gcc option to accept ISO C89
configure:3430: gcc  -c -g -O2  conftest.c >&5
configure:3437: $? = 0
configure:3460: result: none needed
configure:3489: checking for style of include used by make
configure:3517: result: GNU
configure:3542: checking dependency style of gcc
configure:3652: result: gcc3
configure:3681: checking for a BSD-compatible install
configure:3749: result: /usr/bin/install -c
configure:3855: checking build system type
configure:3873: result: i686-pc-linux-gnu
configure:3895: checking host system type
configure:3910: result: i686-pc-linux-gnu
configure:3932: checking for a sed that does not truncate output
configure:3998: result: /usr/bin/sed
configure:4016: checking for grep that handles long lines and -e
configure:4076: result: /usr/bin/grep
configure:4081: checking for egrep
configure:4145: result: /usr/bin/grep -E
configure:4150: checking for fgrep
configure:4214: result: /usr/bin/grep -F
configure:4249: checking for ld used by gcc
configure:4316: result: /usr/i586-suse-linux/bin/ld
configure:4325: checking if the linker (/usr/i586-suse-linux/bin/ld) is GNU ld
configure:4340: result: yes
configure:4352: checking for BSD- or MS-compatible name lister (nm)
configure:4401: result: /usr/bin/nm -B
configure:4519: checking the name lister (/usr/bin/nm -B) interface
configure:4526: gcc -c -g -O2  conftest.c >&5
configure:4529: /usr/bin/nm -B "conftest.o"
configure:4532: output
00000000 B some_variable
configure:4539: result: BSD nm
configure:4542: checking whether ln -s works
configure:4546: result: yes
configure:4554: checking the maximum length of command line arguments
configure:4674: result: 1572864
configure:4691: checking whether the shell understands some XSI constructs
configure:4701: result: yes
configure:4705: checking whether the shell understands "+="
configure:4711: result: yes
configure:4746: checking for /usr/i586-suse-linux/bin/ld option to reload object files
configure:4753: result: -r
configure:4822: checking for objdump
configure:4838: found /usr/bin/objdump
configure:4849: result: objdump
configure:4881: checking how to recognize dependent libraries
configure:5077: result: pass_all
configure:5137: checking for ar
configure:5153: found /usr/bin/ar
configure:5164: result: ar
configure:5242: checking for strip
configure:5258: found /usr/bin/strip
configure:5269: result: strip
configure:5341: checking for ranlib
configure:5357: found /usr/bin/ranlib
configure:5368: result: ranlib
configure:5458: checking command to parse /usr/bin/nm -B output from gcc object
configure:5576: gcc -c -g -O2  conftest.c >&5
configure:5579: $? = 0
configure:5583: /usr/bin/nm -B conftest.o \| sed -n -e 's/^.*[	 ]\([ABCDGIRSTW][ABCDGIRSTW]*\)[	 ][	 ]*\([_A-Za-z][_A-Za-z0-9]*\)$/\1 \2 \2/p' \> conftest.nm
configure:5586: $? = 0
configure:5640: gcc -o conftest -g -O2   conftest.c conftstm.o >&5
configure:5643: $? = 0
configure:5681: result: ok
configure:6548: checking how to run the C preprocessor
configure:6588: gcc -E  conftest.c
configure:6595: $? = 0
configure:6626: gcc -E  conftest.c
conftest.c:10:28: error: ac_nonexistent.h: No such file or directory
configure:6633: $? = 1
configure: failed program was:
| /* confdefs.h.  */
| #define PACKAGE_NAME ""
| #define PACKAGE_TARNAME ""
| #define PACKAGE_VERSION ""
| #define PACKAGE_STRING ""
| #define PACKAGE_BUGREPORT ""
| #define PACKAGE "evalresp"
| #define VERSION "3.3.3"
| /* end confdefs.h.  */
| #include <ac_nonexistent.h>
configure:6666: result: gcc -E
configure:6695: gcc -E  conftest.c
configure:6702: $? = 0
configure:6733: gcc -E  conftest.c
conftest.c:10:28: error: ac_nonexistent.h: No such file or directory
configure:6740: $? = 1
configure: failed program was:
| /* confdefs.h.  */
| #define PACKAGE_NAME ""
| #define PACKAGE_TARNAME ""
| #define PACKAGE_VERSION ""
| #define PACKAGE_STRING ""
| #define PACKAGE_BUGREPORT ""
| #define PACKAGE "evalresp"
| #define VERSION "3.3.3"
| /* end confdefs.h.  */
| #include <ac_nonexistent.h>
configure:6780: checking for ANSI C header files
configure:6810: gcc -c -g -O2  conftest.c >&5
configure:6817: $? = 0
configure:6916: gcc -o conftest -g -O2   conftest.c  >&5
configure:6920: $? = 0
configure:6926: ./conftest
configure:6930: $? = 0
configure:6948: result: yes
configure:6972: checking for sys/types.h
configure:6993: gcc -c -g -O2  conftest.c >&5
configure:7000: $? = 0
configure:7017: result: yes
configure:6972: checking for sys/stat.h
configure:6993: gcc -c -g -O2  conftest.c >&5
configure:7000: $? = 0
configure:7017: result: yes
configure:6972: checking for stdlib.h
configure:6993: gcc -c -g -O2  conftest.c >&5
configure:7000: $? = 0
configure:7017: result: yes
configure:6972: checking for string.h
configure:6993: gcc -c -g -O2  conftest.c >&5
configure:7000: $? = 0
configure:7017: result: yes
configure:6972: checking for memory.h
configure:6993: gcc -c -g -O2  conftest.c >&5
configure:7000: $? = 0
configure:7017: result: yes
configure:6972: checking for strings.h
configure:6993: gcc -c -g -O2  conftest.c >&5
configure:7000: $? = 0
configure:7017: result: yes
configure:6972: checking for inttypes.h
configure:6993: gcc -c -g -O2  conftest.c >&5
configure:7000: $? = 0
configure:7017: result: yes
configure:6972: checking for stdint.h
configure:6993: gcc -c -g -O2  conftest.c >&5
configure:7000: $? = 0
configure:7017: result: yes
configure:6972: checking for unistd.h
configure:6993: gcc -c -g -O2  conftest.c >&5
configure:7000: $? = 0
configure:7017: result: yes
configure:7035: checking for dlfcn.h
configure:7056: gcc -c -g -O2  conftest.c >&5
configure:7063: $? = 0
configure:7080: result: yes
configure:7206: checking for objdir
configure:7221: result: .libs
configure:7513: checking if gcc supports -fno-rtti -fno-exceptions
configure:7531: gcc -c -g -O2  -fno-rtti -fno-exceptions conftest.c >&5
cc1: warning: command line option "-fno-rtti" is valid for C++/ObjC++ but not for C
configure:7535: $? = 0
configure:7548: result: no
configure:7568: checking for gcc option to produce PIC
configure:7840: result: -fPIC -DPIC
configure:7852: checking if gcc PIC flag -fPIC -DPIC works
configure:7870: gcc -c -g -O2  -fPIC -DPIC -DPIC conftest.c >&5
configure:7874: $? = 0
configure:7887: result: yes
configure:7911: checking if gcc static flag -static works
configure:7939: result: yes
configure:7954: checking if gcc supports -c -o file.o
configure:7975: gcc -c -g -O2  -o out/conftest2.o conftest.c >&5
configure:7979: $? = 0
configure:8001: result: yes
configure:8009: checking if gcc supports -c -o file.o
configure:8056: result: yes
configure:8089: checking whether the gcc linker (/usr/i586-suse-linux/bin/ld) supports shared libraries
configure:9163: result: yes
configure:9402: checking dynamic linker characteristics
configure:9845: gcc -o conftest -g -O2   -Wl,-rpath -Wl,/foo conftest.c  >&5
configure:9852: $? = 0
configure:10088: result: GNU/Linux ld.so
configure:10190: checking how to hardcode library paths into programs
configure:10215: result: immediate
configure:11048: checking whether stripping libraries is possible
configure:11053: result: yes
configure:11088: checking if libtool supports shared libraries
configure:11090: result: yes
configure:11093: checking whether to build shared libraries
configure:11114: result: no
configure:11117: checking whether to build static libraries
configure:11121: result: yes
configure:11158: checking for fabs in -lm
configure:11193: gcc -o conftest -g -O2   conftest.c -lm   >&5
conftest.c:29: warning: conflicting types for built-in function 'fabs'
configure:11200: $? = 0
configure:11221: result: yes
configure:11233: checking for ANSI C header files
configure:11401: result: yes
configure:11430: checking sys/time.h usability
configure:11447: gcc -c -g -O2  conftest.c >&5
configure:11454: $? = 0
configure:11468: result: yes
configure:11472: checking sys/time.h presence
configure:11487: gcc -E  conftest.c
configure:11494: $? = 0
configure:11508: result: yes
configure:11536: checking for sys/time.h
configure:11545: result: yes
configure:11419: checking for unistd.h
configure:11426: result: yes
configure:11430: checking malloc.h usability
configure:11447: gcc -c -g -O2  conftest.c >&5
configure:11454: $? = 0
configure:11468: result: yes
configure:11472: checking malloc.h presence
configure:11487: gcc -E  conftest.c
configure:11494: $? = 0
configure:11508: result: yes
configure:11536: checking for malloc.h
configure:11545: result: yes
configure:11419: checking for stdlib.h
configure:11426: result: yes
configure:11562: checking for pid_t
configure:11590: gcc -c -g -O2  conftest.c >&5
configure:11597: $? = 0
configure:11624: gcc -c -g -O2  conftest.c >&5
conftest.c: In function 'main':
conftest.c:64: error: expected expression before ')' token
configure:11631: $? = 1
configure: failed program was:
| /* confdefs.h.  */
| #define PACKAGE_NAME ""
| #define PACKAGE_TARNAME ""
| #define PACKAGE_VERSION ""
| #define PACKAGE_STRING ""
| #define PACKAGE_BUGREPORT ""
| #define PACKAGE "evalresp"
| #define VERSION "3.3.3"
| #define STDC_HEADERS 1
| #define HAVE_SYS_TYPES_H 1
| #define HAVE_SYS_STAT_H 1
| #define HAVE_STDLIB_H 1
| #define HAVE_STRING_H 1
| #define HAVE_MEMORY_H 1
| #define HAVE_STRINGS_H 1
| #define HAVE_INTTYPES_H 1
| #define HAVE_STDINT_H 1
| #define HAVE_UNISTD_H 1
| #define HAVE_DLFCN_H 1
| #define LT_OBJDIR ".libs/"
| #define HAVE_LIBM 1
| #define STDC_HEADERS 1
| #define HAVE_SYS_TIME_H 1
| #define HAVE_UNISTD_H 1
| #define HAVE_MALLOC_H 1
| #define HAVE_STDLIB_H 1
| /* end confdefs.h.  */
| #include <stdio.h>
| #ifdef HAVE_SYS_TYPES_H
| # include <sys/types.h>
| #endif
| #ifdef HAVE_SYS_STAT_H
| # include <sys/stat.h>
| #endif
| #ifdef STDC_HEADERS
| # include <stdlib.h>
| # include <stddef.h>
| #else
| # ifdef HAVE_STDLIB_H
| #  include <stdlib.h>
| # endif
| #endif
| #ifdef HAVE_STRING_H
| # if !defined STDC_HEADERS && defined HAVE_MEMORY_H
| #  include <memory.h>
| # endif
| # include <string.h>
| #endif
| #ifdef HAVE_STRINGS_H
| # include <strings.h>
| #endif
| #ifdef HAVE_INTTYPES_H
| # include <inttypes.h>
| #endif
| #ifdef HAVE_STDINT_H
| # include <stdint.h>
| #endif
| #ifdef HAVE_UNISTD_H
| # include <unistd.h>
| #endif
| int
| main ()
| {
| if (sizeof ((pid_t)))
| 	  return 0;
|   ;
|   return 0;
| }
configure:11654: result: yes
configure:11682: checking vfork.h usability
configure:11699: gcc -c -g -O2  conftest.c >&5
conftest.c:61:19: error: vfork.h: No such file or directory
configure:11706: $? = 1
configure: failed program was:
| /* confdefs.h.  */
| #define PACKAGE_NAME ""
| #define PACKAGE_TARNAME ""
| #define PACKAGE_VERSION ""
| #define PACKAGE_STRING ""
| #define PACKAGE_BUGREPORT ""
| #define PACKAGE "evalresp"
| #define VERSION "3.3.3"
| #define STDC_HEADERS 1
| #define HAVE_SYS_TYPES_H 1
| #define HAVE_SYS_STAT_H 1
| #define HAVE_STDLIB_H 1
| #define HAVE_STRING_H 1
| #define HAVE_MEMORY_H 1
| #define HAVE_STRINGS_H 1
| #define HAVE_INTTYPES_H 1
| #define HAVE_STDINT_H 1
| #define HAVE_UNISTD_H 1
| #define HAVE_DLFCN_H 1
| #define LT_OBJDIR ".libs/"
| #define HAVE_LIBM 1
| #define STDC_HEADERS 1
| #define HAVE_SYS_TIME_H 1
| #define HAVE_UNISTD_H 1
| #define HAVE_MALLOC_H 1
| #define HAVE_STDLIB_H 1
| /* end confdefs.h.  */
| #include <stdio.h>
| #ifdef HAVE_SYS_TYPES_H
| # include <sys/types.h>
| #endif
| #ifdef HAVE_SYS_STAT_H
| # include <sys/stat.h>
| #endif
| #ifdef STDC_HEADERS
| # include <stdlib.h>
| # include <stddef.h>
| #else
| # ifdef HAVE_STDLIB_H
| #  include <stdlib.h>
| # endif
| #endif
| #ifdef HAVE_STRING_H
| # if !defined STDC_HEADERS && defined HAVE_MEMORY_H
| #  include <memory.h>
| # endif
| # include <string.h>
| #endif
| #ifdef HAVE_STRINGS_H
| # include <strings.h>
| #endif
| #ifdef HAVE_INTTYPES_H
| # include <inttypes.h>
| #endif
| #ifdef HAVE_STDINT_H
| # include <stdint.h>
| #endif
| #ifdef HAVE_UNISTD_H
| # include <unistd.h>
| #endif
| #include <vfork.h>
configure:11720: result: no
configure:11724: checking vfork.h presence
configure:11739: gcc -E  conftest.c
conftest.c:28:19: error: vfork.h: No such file or directory
configure:11746: $? = 1
configure: failed program was:
| /* confdefs.h.  */
| #define PACKAGE_NAME ""
| #define PACKAGE_TARNAME ""
| #define PACKAGE_VERSION ""
| #define PACKAGE_STRING ""
| #define PACKAGE_BUGREPORT ""
| #define PACKAGE "evalresp"
| #define VERSION "3.3.3"
| #define STDC_HEADERS 1
| #define HAVE_SYS_TYPES_H 1
| #define HAVE_SYS_STAT_H 1
| #define HAVE_STDLIB_H 1
| #define HAVE_STRING_H 1
| #define HAVE_MEMORY_H 1
| #define HAVE_STRINGS_H 1
| #define HAVE_INTTYPES_H 1
| #define HAVE_STDINT_H 1
| #define HAVE_UNISTD_H 1
| #define HAVE_DLFCN_H 1
| #define LT_OBJDIR ".libs/"
| #define HAVE_LIBM 1
| #define STDC_HEADERS 1
| #define HAVE_SYS_TIME_H 1
| #define HAVE_UNISTD_H 1
| #define HAVE_MALLOC_H 1
| #define HAVE_STDLIB_H 1
| /* end confdefs.h.  */
| #include <vfork.h>
configure:11760: result: no
configure:11788: checking for vfork.h
configure:11797: result: no
configure:11817: checking for fork
configure:11873: gcc -o conftest -g -O2   conftest.c -lm  >&5
conftest.c:51: warning: conflicting types for built-in function 'fork'
configure:11880: $? = 0
configure:11902: result: yes
configure:11817: checking for vfork
configure:11873: gcc -o conftest -g -O2   conftest.c -lm  >&5
configure:11880: $? = 0
configure:11902: result: yes
configure:11915: checking for working fork
configure:11947: gcc -o conftest -g -O2   conftest.c -lm  >&5
configure:11951: $? = 0
configure:11957: ./conftest
configure:11961: $? = 0
configure:11978: result: yes
configure:11999: checking for working vfork
configure:12140: result: yes
configure:12178: checking for getcwd
configure:12234: gcc -o conftest -g -O2   conftest.c -lm  >&5
configure:12241: $? = 0
configure:12263: result: yes
configure:12178: checking for regcomp
configure:12234: gcc -o conftest -g -O2   conftest.c -lm  >&5
configure:12241: $? = 0
configure:12263: result: yes
configure:12178: checking for strcspn
configure:12234: gcc -o conftest -g -O2   conftest.c -lm  >&5
conftest.c:57: warning: conflicting types for built-in function 'strcspn'
configure:12241: $? = 0
configure:12263: result: yes
configure:12178: checking for strstr
configure:12234: gcc -o conftest -g -O2   conftest.c -lm  >&5
conftest.c:58: warning: conflicting types for built-in function 'strstr'
configure:12241: $? = 0
configure:12263: result: yes
configure:12456: creating ./config.status

## ---------------------- ##
## Running config.status. ##
## ---------------------- ##

This file was extended by config.status, which was
generated by GNU Autoconf 2.63.  Invocation command line was

  CONFIG_FILES    = 
  CONFIG_HEADERS  = 
  CONFIG_LINKS    = 
  CONFIG_COMMANDS = 
  $ ./config.status 

on crust

config.status:997: creating Makefile
config.status:997: creating config.h
config.status:1271: executing depfiles commands
config.status:1271: executing libtool commands

## ---------------- ##
## Cache variables. ##
## ---------------- ##

ac_cv_build=i686-pc-linux-gnu
ac_cv_c_compiler_gnu=yes
ac_cv_env_CC_set=
ac_cv_env_CC_value=
ac_cv_env_CFLAGS_set=
ac_cv_env_CFLAGS_value=
ac_cv_env_CPPFLAGS_set=
ac_cv_env_CPPFLAGS_value=
ac_cv_env_CPP_set=
ac_cv_env_CPP_value=
ac_cv_env_LDFLAGS_set=
ac_cv_env_LDFLAGS_value=
ac_cv_env_LIBS_set=
ac_cv_env_LIBS_value=
ac_cv_env_build_alias_set=
ac_cv_env_build_alias_value=
ac_cv_env_host_alias_set=
ac_cv_env_host_alias_value=
ac_cv_env_target_alias_set=
ac_cv_env_target_alias_value=
ac_cv_func_fork=yes
ac_cv_func_fork_works=yes
ac_cv_func_getcwd=yes
ac_cv_func_regcomp=yes
ac_cv_func_strcspn=yes
ac_cv_func_strstr=yes
ac_cv_func_vfork=yes
ac_cv_func_vfork_works=yes
ac_cv_header_dlfcn_h=yes
ac_cv_header_inttypes_h=yes
ac_cv_header_malloc_h=yes
ac_cv_header_memory_h=yes
ac_cv_header_stdc=yes
ac_cv_header_stdint_h=yes
ac_cv_header_stdlib_h=yes
ac_cv_header_string_h=yes
ac_cv_header_strings_h=yes
ac_cv_header_sys_stat_h=yes
ac_cv_header_sys_time_h=yes
ac_cv_header_sys_types_h=yes
ac_cv_header_unistd_h=yes
ac_cv_header_vfork_h=no
ac_cv_host=i686-pc-linux-gnu
ac_cv_lib_m_fabs=yes
ac_cv_objext=o
ac_cv_path_EGREP='/usr/bin/grep -E'
ac_cv_path_FGREP='/usr/bin/grep -F'
ac_cv_path_GREP=/usr/bin/grep
ac_cv_path_SED=/usr/bin/sed
ac_cv_path_install='/usr/bin/install -c'
ac_cv_path_mkdir=/bin/mkdir
ac_cv_prog_AWK=gawk
ac_cv_prog_CPP='gcc -E'
ac_cv_prog_ac_ct_AR=ar
ac_cv_prog_ac_ct_CC=gcc
ac_cv_prog_ac_ct_OBJDUMP=objdump
ac_cv_prog_ac_ct_RANLIB=ranlib
ac_cv_prog_ac_ct_STRIP=strip
ac_cv_prog_cc_c89=
ac_cv_prog_cc_g=yes
ac_cv_prog_make_make_set=yes
ac_cv_type_pid_t=yes
am_cv_CC_dependencies_compiler_type=gcc3
lt_cv_deplibs_check_method=pass_all
lt_cv_file_magic_cmd='$MAGIC_CMD'
lt_cv_file_magic_test_file=
lt_cv_ld_reload_flag=-r
lt_cv_nm_interface='BSD nm'
lt_cv_objdir=.libs
lt_cv_path_LD=/usr/i586-suse-linux/bin/ld
lt_cv_path_NM='/usr/bin/nm -B'
lt_cv_prog_compiler_c_o=yes
lt_cv_prog_compiler_pic_works=yes
lt_cv_prog_compiler_rtti_exceptions=no
lt_cv_prog_compiler_static_works=yes
lt_cv_prog_gnu_ld=yes
lt_cv_sys_global_symbol_pipe='sed -n -e '\''s/^.*[	 ]\([ABCDGIRSTW][ABCDGIRSTW]*\)[	 ][	 ]*\([_A-Za-z][_A-Za-z0-9]*\)$/\1 \2 \2/p'\'''
lt_cv_sys_global_symbol_to_c_name_address='sed -n -e '\''s/^: \([^ ]*\) $/  {\"\1\", (void *) 0},/p'\'' -e '\''s/^[ABCDGIRSTW]* \([^ ]*\) \([^ ]*\)$/  {"\2", (void *) \&\2},/p'\'''
lt_cv_sys_global_symbol_to_c_name_address_lib_prefix='sed -n -e '\''s/^: \([^ ]*\) $/  {\"\1\", (void *) 0},/p'\'' -e '\''s/^[ABCDGIRSTW]* \([^ ]*\) \(lib[^ ]*\)$/  {"\2", (void *) \&\2},/p'\'' -e '\''s/^[ABCDGIRSTW]* \([^ ]*\) \([^ ]*\)$/  {"lib\2", (void *) \&\2},/p'\'''
lt_cv_sys_global_symbol_to_cdecl='sed -n -e '\''s/^T .* \(.*\)$/extern int \1();/p'\'' -e '\''s/^[ABCDGIRSTW]* .* \(.*\)$/extern char \1;/p'\'''
lt_cv_sys_max_cmd_len=1572864

## ----------------- ##
## Output variables. ##
## ----------------- ##

ACLOCAL='${SHELL} /home/rbh/PROGRAMS.310t/PROGRAMS.330/IRIS/evalresp-3.3.3/missing --run aclocal-1.11'
AMDEPBACKSLASH='\'
AMDEP_FALSE='#'
AMDEP_TRUE=''
AMTAR='${SHELL} /home/rbh/PROGRAMS.310t/PROGRAMS.330/IRIS/evalresp-3.3.3/missing --run tar'
AR='ar'
AUTOCONF='${SHELL} /home/rbh/PROGRAMS.310t/PROGRAMS.330/IRIS/evalresp-3.3.3/missing --run autoconf'
AUTOHEADER='${SHELL} /home/rbh/PROGRAMS.310t/PROGRAMS.330/IRIS/evalresp-3.3.3/missing --run autoheader'
AUTOMAKE='${SHELL} /home/rbh/PROGRAMS.310t/PROGRAMS.330/IRIS/evalresp-3.3.3/missing --run automake-1.11'
AWK='gawk'
CC='gcc'
CCDEPMODE='depmode=gcc3'
CFLAGS='-g -O2'
CPP='gcc -E'
CPPFLAGS=''
CYGPATH_W='echo'
DEFS='-DHAVE_CONFIG_H'
DEPDIR='.deps'
DSYMUTIL=''
DUMPBIN=''
ECHO_C=''
ECHO_N='-n'
ECHO_T=''
EGREP='/usr/bin/grep -E'
EXEEXT=''
FGREP='/usr/bin/grep -F'
GREP='/usr/bin/grep'
INSTALL_DATA='${INSTALL} -m 644'
INSTALL_PROGRAM='${INSTALL}'
INSTALL_SCRIPT='${INSTALL}'
INSTALL_STRIP_PROGRAM='$(install_sh) -c -s'
LD='/usr/i586-suse-linux/bin/ld'
LDFLAGS=''
LIBOBJS=''
LIBS='-lm '
LIBTOOL='$(SHELL) $(top_builddir)/libtool'
LIPO=''
LN_S='ln -s'
LTLIBOBJS=''
MAKEINFO='${SHELL} /home/rbh/PROGRAMS.310t/PROGRAMS.330/IRIS/evalresp-3.3.3/missing --run makeinfo'
MKDIR_P='/bin/mkdir -p'
NM='/usr/bin/nm -B'
NMEDIT=''
OBJDUMP='objdump'
OBJEXT='o'
OTOOL64=''
OTOOL=''
PACKAGE='evalresp'
PACKAGE_BUGREPORT=''
PACKAGE_NAME=''
PACKAGE_STRING=''
PACKAGE_TARNAME=''
PACKAGE_VERSION=''
PATH_SEPARATOR=':'
RANLIB='ranlib'
SED='/usr/bin/sed'
SET_MAKE=''
SHELL='/bin/sh'
STRIP='strip'
VERSION='3.3.3'
ac_ct_CC='gcc'
ac_ct_DUMPBIN=''
am__EXEEXT_FALSE=''
am__EXEEXT_TRUE='#'
am__fastdepCC_FALSE='#'
am__fastdepCC_TRUE=''
am__include='include'
am__isrc=''
am__leading_dot='.'
am__quote=''
am__tar='${AMTAR} chof - "$$tardir"'
am__untar='${AMTAR} xf -'
bindir='${exec_prefix}/bin'
build='i686-pc-linux-gnu'
build_alias=''
build_cpu='i686'
build_os='linux-gnu'
build_vendor='pc'
datadir='${datarootdir}'
datarootdir='${prefix}/share'
docdir='${datarootdir}/doc/${PACKAGE}'
dvidir='${docdir}'
exec_prefix='${prefix}'
host='i686-pc-linux-gnu'
host_alias=''
host_cpu='i686'
host_os='linux-gnu'
host_vendor='pc'
htmldir='${docdir}'
includedir='${prefix}/include'
infodir='${datarootdir}/info'
install_sh='${SHELL} /home/rbh/PROGRAMS.310t/PROGRAMS.330/IRIS/evalresp-3.3.3/install-sh'
libdir='${exec_prefix}/lib'
libexecdir='${exec_prefix}/libexec'
localedir='${datarootdir}/locale'
localstatedir='${prefix}/var'
lt_ECHO='echo'
mandir='${datarootdir}/man'
mkdir_p='/bin/mkdir -p'
oldincludedir='/usr/include'
pdfdir='${docdir}'
prefix='/usr/local'
program_transform_name='s,x,x,'
psdir='${docdir}'
sbindir='${exec_prefix}/sbin'
sharedstatedir='${prefix}/com'
sysconfdir='${prefix}/etc'
target_alias=''

## ----------- ##
## confdefs.h. ##
## ----------- ##

#define PACKAGE_NAME ""
#define PACKAGE_TARNAME ""
#define PACKAGE_VERSION ""
#define PACKAGE_STRING ""
#define PACKAGE_BUGREPORT ""
#define PACKAGE "evalresp"
#define VERSION "3.3.3"
#define STDC_HEADERS 1
#define HAVE_SYS_TYPES_H 1
#define HAVE_SYS_STAT_H 1
#define HAVE_STDLIB_H 1
#define HAVE_STRING_H 1
#define HAVE_MEMORY_H 1
#define HAVE_STRINGS_H 1
#define HAVE_INTTYPES_H 1
#define HAVE_STDINT_H 1
#define HAVE_UNISTD_H 1
#define HAVE_DLFCN_H 1
#define LT_OBJDIR ".libs/"
#define HAVE_LIBM 1
#define STDC_HEADERS 1
#define HAVE_SYS_TIME_H 1
#define HAVE_UNISTD_H 1
#define HAVE_MALLOC_H 1
#define HAVE_STDLIB_H 1
#define HAVE_FORK 1
#define HAVE_VFORK 1
#define HAVE_WORKING_VFORK 1
#define HAVE_WORKING_FORK 1
#define HAVE_GETCWD 1
#define HAVE_REGCOMP 1
#define HAVE_STRCSPN 1
#define HAVE_STRSTR 1

configure: exit 0
