This file contains any messages produced by compilers while
running configure, to aid debugging if configure makes a mistake.

It was created by configure, which was
generated by GNU Autoconf 2.52.20061216.  Invocation command line was

  $ ./configure 

## ---------- ##
## Platform.  ##
## ---------- ##

hostname = andrea-XPS-13
uname -m = x86_64
uname -r = 4.15.0-42-generic
uname -s = Linux
uname -v = #45-Ubuntu SMP Thu Nov 15 19:32:57 UTC 2018

/usr/bin/uname -p = unknown
/bin/uname -X     = unknown

/bin/arch              = unknown
/usr/bin/arch -k       = unknown
/usr/convex/getsysinfo = unknown
hostinfo               = unknown
/bin/machine           = unknown
/usr/bin/oslevel       = unknown
/bin/universe          = unknown

PATH = /home/andrea/Dropbox/utils/mseed2sac-2.2:/home/andrea/Dropbox/utils/mineos-1.0.2:/home/andrea/Dropbox/Work/NERC_Project_UCL/lib:/home/andrea/Dropbox/utils/sac2asc:/home/andrea/Dropbox/Work/NERC_Project_UCL/Real_data_inversion/TEMPSEIS_package_v1.2/lib/seis_process/bin:/home/andrea/Dropbox/Work/Ellipticity_UCL/lib/MAMBo_package_fast/MAMBo_package:/usr/local/Geopsy.org/bin:/home/andrea/Dropbox/utils/ingv_data_client:/home/andrea/Dropbox/utils/xy2sac/:/home/andrea/Dropbox/utils/mseed2sac/mseed2sac-2.0:/home/andrea/utils/MatLab/bin:/home/andrea/anaconda2/bin:/home/andrea/Dropbox/utils/rdseedv5.3.1:/home/andrea/Dropbox/utils/herrmann/PROGRAMS.330/bin:/home/andrea/Dropbox/utils/sac/bin:/home/andrea/.local/bin:/usr/local/sbin:/usr/local/bin:/usr/sbin:/usr/bin:/sbin:/bin:/usr/games:/usr/local/games:/snap/bin

## ------------ ##
## Core tests.  ##
## ------------ ##

configure:992: PATH=".;."; conftest.sh
./configure: 993: ./configure: conftest.sh: not found
configure:995: $? = 127
configure:1007: checking for package version
configure:1028: result: 1.1
configure:1031: checking for package patch date
configure:1048: result: 20080819
configure:1139: checking for gcc
configure:1154: found /usr/bin/gcc
configure:1162: result: gcc
configure:1390: checking for C compiler version
configure:1393: gcc --version </dev/null >&5
gcc (Ubuntu 7.3.0-27ubuntu1~18.04) 7.3.0
Copyright (C) 2017 Free Software Foundation, Inc.
This is free software; see the source for copying conditions.  There is NO
warranty; not even for MERCHANTABILITY or FITNESS FOR A PARTICULAR PURPOSE.

configure:1396: $? = 0
configure:1398: gcc -v </dev/null >&5
Using built-in specs.
COLLECT_GCC=gcc
COLLECT_LTO_WRAPPER=/usr/lib/gcc/x86_64-linux-gnu/7/lto-wrapper
OFFLOAD_TARGET_NAMES=nvptx-none
OFFLOAD_TARGET_DEFAULT=1
Target: x86_64-linux-gnu
Configured with: ../src/configure -v --with-pkgversion='Ubuntu 7.3.0-27ubuntu1~18.04' --with-bugurl=file:///usr/share/doc/gcc-7/README.Bugs --enable-languages=c,ada,c++,go,brig,d,fortran,objc,obj-c++ --prefix=/usr --with-gcc-major-version-only --program-suffix=-7 --program-prefix=x86_64-linux-gnu- --enable-shared --enable-linker-build-id --libexecdir=/usr/lib --without-included-gettext --enable-threads=posix --libdir=/usr/lib --enable-nls --with-sysroot=/ --enable-clocale=gnu --enable-libstdcxx-debug --enable-libstdcxx-time=yes --with-default-libstdcxx-abi=new --enable-gnu-unique-object --disable-vtable-verify --enable-libmpx --enable-plugin --enable-default-pie --with-system-zlib --with-target-system-zlib --enable-objc-gc=auto --enable-multiarch --disable-werror --with-arch-32=i686 --with-abi=m64 --with-multilib-list=m32,m64,mx32 --enable-multilib --with-tune=generic --enable-offload-targets=nvptx-none --without-cuda-driver --enable-checking=release --build=x86_64-linux-gnu --host=x86_64-linux-gnu --target=x86_64-linux-gnu
Thread model: posix
gcc version 7.3.0 (Ubuntu 7.3.0-27ubuntu1~18.04) 
configure:1401: $? = 0
configure:1403: gcc -V </dev/null >&5
gcc: error: unrecognized command line option '-V'
gcc: fatal error: no input files
compilation terminated.
configure:1406: $? = 1
configure:1426: checking for C compiler default output
configure:1429: gcc    conftest.c  >&5
configure:1432: $? = 0
configure:1461: result: a.out
configure:1466: checking whether the C compiler works
configure:1472: ./a.out
configure:1475: $? = 0
configure:1490: result: yes
configure:1497: checking whether we are cross compiling
configure:1499: result: no
configure:1502: checking for executable suffix
configure:1504: gcc -o conftest    conftest.c  >&5
configure:1507: $? = 0
configure:1529: result: 
configure:1535: checking for object suffix
configure:1553: gcc -c   conftest.c >&5
configure:1556: $? = 0
configure:1575: result: o
configure:1579: checking whether we are using the GNU C compiler
configure:1600: gcc -c   conftest.c >&5
configure:1603: $? = 0
configure:1606: test -s conftest.o
configure:1609: $? = 0
configure:1621: result: yes
configure:1627: checking whether gcc accepts -g
configure:1645: gcc -c -g  conftest.c >&5
configure:1648: $? = 0
configure:1651: test -s conftest.o
configure:1654: $? = 0
configure:1664: result: yes
configure:1691: gcc -c -g -O2  conftest.c >&5
conftest.c:2:3: error: unknown type name 'choke'
   choke me
   ^~~~~
conftest.c:2:3: error: expected '=', ',', ';', 'asm' or '__attribute__' at end of input
configure:1694: $? = 1
configure: failed program was:
#ifndef __cplusplus
  choke me
#endif
configure:1799: checking how to run the C preprocessor
configure:1825: gcc -E  conftest.c
configure:1831: $? = 0
configure:1858: gcc -E  conftest.c
configure:1855:10: fatal error: ac_nonexistent.h: No such file or directory
 #include "confdefs.h"
          ^~~~~~~~~~~~      
compilation terminated.
configure:1864: $? = 1
configure: failed program was:
#line 1854 "configure"
#include "confdefs.h"
#include <ac_nonexistent.h>
configure:1901: result: gcc -E
configure:1916: gcc -E  conftest.c
configure:1922: $? = 0
configure:1949: gcc -E  conftest.c
configure:1946:10: fatal error: ac_nonexistent.h: No such file or directory
 #include "confdefs.h"
          ^~~~~~~~~~~~      
compilation terminated.
configure:1955: $? = 1
configure: failed program was:
#line 1945 "configure"
#include "confdefs.h"
#include <ac_nonexistent.h>
configure:1996: checking whether gcc needs -traditional
configure:2031: result: no
configure:2038: checking whether make sets ${MAKE}
configure:2058: result: yes
configure:2105: checking for ranlib
configure:2120: found /usr/bin/ranlib
configure:2129: result: ranlib
configure:2178: checking for a BSD compatible install
configure:2227: result: /usr/bin/install -c
configure:2276: checking for ar
configure:2291: found /usr/bin/ar
configure:2300: result: ar
configure:2312: checking for POSIXized ISC
configure:2331: result: no
configure:2336: checking for gcc option to accept ANSI C
configure:2393: gcc  -c -g -O2  conftest.c >&5
configure:2396: $? = 0
configure:2399: test -s conftest.o
configure:2402: $? = 0
configure:2419: result: none needed
configure:2427: checking for an ANSI C-conforming const
configure:2491: gcc -c -g -O2  conftest.c >&5
configure:2494: $? = 0
configure:2497: test -s conftest.o
configure:2500: $? = 0
configure:2510: result: yes
configure:2520: checking for makeflags variable
configure:2554: result: 
configure:2557: checking if filesystem supports mixed-case filenames
configure:2584: result: yes
configure:2592: checking for ctags
configure:2616: result: no
configure:2626: checking for etags
configure:2650: result: no
configure:2673: checking if you want to see long compiling messages
configure:2707: result: yes
configure:2716: checking build system type
configure:2734: result: x86_64-unknown-linux-gnu
configure:2742: checking host system type
configure:2756: result: x86_64-unknown-linux-gnu
configure:2781: result: Configuring for linux-gnu
configure:2815: checking if gcc -U and -D options work together
configure:2843: gcc -c -g -O2 -UU_D_OPTIONS -DU_D_OPTIONS -DD_U_OPTIONS -UD_U_OPTIONS conftest.c >&5
configure:2846: $? = 0
configure:2849: test -s conftest.o
configure:2852: $? = 0
configure:2866: result: yes
configure:2892: checking if we must define _GNU_SOURCE
configure:2914: gcc -c -g -O2  conftest.c >&5
configure: In function 'main':
configure:2906:1: error: unknown type name 'make'; did you mean 'makedev'?
 #ifndef _XOPEN_SOURCE
 ^~~~
 makedev
configure:2906:9: error: expected '=', ',', ';', 'asm' or '__attribute__' before 'error'
 #ifndef _XOPEN_SOURCE
         ^~~~~
configure:2917: $? = 1
configure: failed program was:
#line 2899 "configure"
#include "confdefs.h"
#include <sys/types.h>
int
main ()
{

#ifndef _XOPEN_SOURCE
make an error
#endif
  ;
  return 0;
}
configure:2947: gcc -c -g -O2  -D_GNU_SOURCE conftest.c >&5
configure: In function 'main':
configure:2939:1: error: unknown type name 'make'; did you mean 'makedev'?
 #ifdef _XOPEN_SOURCE
 ^~~~
 makedev
configure:2939:9: error: expected '=', ',', ';', 'asm' or '__attribute__' before 'error'
 #ifdef _XOPEN_SOURCE
         ^~~~~
configure:2950: $? = 1
configure: failed program was:
#line 2932 "configure"
#include "confdefs.h"
#include <sys/types.h>
int
main ()
{

#ifdef _XOPEN_SOURCE
make an error
#endif
  ;
  return 0;
}
configure:2971: result: yes
configure:3272: checking for special C compiler options needed for large files
configure:3346: result: no
configure:3352: checking for _FILE_OFFSET_BITS value needed for large files
configure:3380: gcc -c -g -O2  -D_GNU_SOURCE conftest.c >&5
configure:3383: $? = 0
configure:3386: test -s conftest.o
configure:3389: $? = 0
configure:3439: result: no
configure:3449: checking for _LARGE_FILES value needed for large files
configure:3477: gcc -c -g -O2  -D_GNU_SOURCE conftest.c >&5
configure:3480: $? = 0
configure:3483: test -s conftest.o
configure:3486: $? = 0
configure:3536: result: no
configure:3549: checking for _LARGEFILE_SOURCE value needed for large files
configure:3569: gcc -c -g -O2  -D_GNU_SOURCE conftest.c >&5
configure:3572: $? = 0
configure:3575: test -s conftest.o
configure:3578: $? = 0
configure:3620: result: no
configure:3634: checking for fseeko
configure:3652: gcc -o conftest -g -O2  -D_GNU_SOURCE  conftest.c  >&5
configure:3655: $? = 0
configure:3658: test -s conftest
configure:3661: $? = 0
configure:3671: result: yes
configure:3692: checking whether to use struct dirent64
configure:3720: gcc -c -g -O2  -D_GNU_SOURCE conftest.c >&5
configure: In function 'main':
configure:3709:28: error: conflicting types for 'readdir'
   /* if transitional largefile support is setup, this is true */
                            ^~~~~~~
In file included from configure:3702:0:
/usr/include/dirent.h:162:23: note: previous declaration of 'readdir' was here
 extern struct dirent *readdir (DIR *__dirp) __nonnull ((1));
                       ^~~~~~~
configure:3711:22: warning: initialization from incompatible pointer type [-Wincompatible-pointer-types]
   struct dirent64 *x = readdir((DIR *)0);
                      ^~~~~~~
configure:3712:13: error: invalid operands to binary - (have 'struct dirent64 *' and 'struct dirent *')
   struct dirent *y = readdir((DIR *)0);
             ^
configure:3723: $? = 1
configure: failed program was:
#line 3699 "configure"
#include "confdefs.h"

#include <sys/types.h>
#include <dirent.h>

int
main ()
{

		/* if transitional largefile support is setup, this is true */
		extern struct dirent64 * readdir(DIR *);
		struct dirent64 *x = readdir((DIR *)0);
		struct dirent *y = readdir((DIR *)0);
		int z = x - y;

  ;
  return 0;
}
configure:3740: result: no
configure:3750: checking version of gcc
configure:3754: result: 7.3.0
configure:3760: checking if you want to check for gcc warnings
configure:3770: result: no
configure:4003: checking for ANSI C header files
configure:4017: gcc -E  -D_GNU_SOURCE conftest.c
configure:4023: $? = 0
configure:4110: gcc -o conftest -g -O2  -D_GNU_SOURCE  conftest.c  >&5
configure:4113: $? = 0
configure:4115: ./conftest
configure:4118: $? = 0
configure:4131: result: yes
configure:4141: checking for inline
configure:4158: gcc -c -g -O2  -D_GNU_SOURCE conftest.c >&5
configure:4161: $? = 0
configure:4164: test -s conftest.o
configure:4167: $? = 0
configure:4178: result: inline
configure:4199: checking for sys/types.h
configure:4211: gcc -c -g -O2  -D_GNU_SOURCE conftest.c >&5
configure:4214: $? = 0
configure:4217: test -s conftest.o
configure:4220: $? = 0
configure:4230: result: yes
configure:4199: checking for sys/stat.h
configure:4211: gcc -c -g -O2  -D_GNU_SOURCE conftest.c >&5
configure:4214: $? = 0
configure:4217: test -s conftest.o
configure:4220: $? = 0
configure:4230: result: yes
configure:4199: checking for stdlib.h
configure:4211: gcc -c -g -O2  -D_GNU_SOURCE conftest.c >&5
configure:4214: $? = 0
configure:4217: test -s conftest.o
configure:4220: $? = 0
configure:4230: result: yes
configure:4199: checking for string.h
configure:4211: gcc -c -g -O2  -D_GNU_SOURCE conftest.c >&5
configure:4214: $? = 0
configure:4217: test -s conftest.o
configure:4220: $? = 0
configure:4230: result: yes
configure:4199: checking for memory.h
configure:4211: gcc -c -g -O2  -D_GNU_SOURCE conftest.c >&5
configure:4214: $? = 0
configure:4217: test -s conftest.o
configure:4220: $? = 0
configure:4230: result: yes
configure:4199: checking for strings.h
configure:4211: gcc -c -g -O2  -D_GNU_SOURCE conftest.c >&5
configure:4214: $? = 0
configure:4217: test -s conftest.o
configure:4220: $? = 0
configure:4230: result: yes
configure:4199: checking for inttypes.h
configure:4211: gcc -c -g -O2  -D_GNU_SOURCE conftest.c >&5
configure:4214: $? = 0
configure:4217: test -s conftest.o
configure:4220: $? = 0
configure:4230: result: yes
configure:4199: checking for stdint.h
configure:4211: gcc -c -g -O2  -D_GNU_SOURCE conftest.c >&5
configure:4214: $? = 0
configure:4217: test -s conftest.o
configure:4220: $? = 0
configure:4230: result: yes
configure:4199: checking for unistd.h
configure:4211: gcc -c -g -O2  -D_GNU_SOURCE conftest.c >&5
configure:4214: $? = 0
configure:4217: test -s conftest.o
configure:4220: $? = 0
configure:4230: result: yes
configure:4240: checking for off_t
configure:4261: gcc -c -g -O2  -D_GNU_SOURCE conftest.c >&5
configure:4264: $? = 0
configure:4267: test -s conftest.o
configure:4270: $? = 0
configure:4280: result: yes
configure:4292: checking for size_t
configure:4313: gcc -c -g -O2  -D_GNU_SOURCE conftest.c >&5
configure:4316: $? = 0
configure:4319: test -s conftest.o
configure:4322: $? = 0
configure:4332: result: yes
configure:4346: checking for working alloca.h
configure:4364: gcc -o conftest -g -O2  -D_GNU_SOURCE  conftest.c  >&5
configure:4367: $? = 0
configure:4370: test -s conftest
configure:4373: $? = 0
configure:4383: result: yes
configure:4393: checking for alloca
configure:4431: gcc -o conftest -g -O2  -D_GNU_SOURCE  conftest.c  >&5
configure:4434: $? = 0
configure:4437: test -s conftest
configure:4440: $? = 0
configure:4450: result: yes
configure:4634: checking for stdlib.h
configure:4669: result: yes
configure:4634: checking for unistd.h
configure:4669: result: yes
configure:4682: checking for getpagesize
configure:4719: gcc -o conftest -g -O2  -D_GNU_SOURCE  conftest.c  >&5
configure:4722: $? = 0
configure:4725: test -s conftest
configure:4728: $? = 0
configure:4738: result: yes
configure:4748: checking for working mmap
configure:4884: gcc -o conftest -g -O2  -D_GNU_SOURCE  conftest.c  >&5
configure: In function 'main':
configure:4890:25: warning: cast from pointer to integer of different size [-Wpointer-to-int-cast]
   (eval $ac_try) 2>&5
                         ^
configure:4887: $? = 0
configure:4889: ./conftest
configure:4892: $? = 0
configure:4904: result: yes
configure:4915: checking whether we are using the GNU C Library 2.1 or newer
configure:4941: result: yes
configure:4970: checking for argz.h
configure:4980: gcc -E  -D_GNU_SOURCE conftest.c
configure:4986: $? = 0
configure:5005: result: yes
configure:4970: checking for limits.h
configure:4980: gcc -E  -D_GNU_SOURCE conftest.c
configure:4986: $? = 0
configure:5005: result: yes
configure:4970: checking for locale.h
configure:4980: gcc -E  -D_GNU_SOURCE conftest.c
configure:4986: $? = 0
configure:5005: result: yes
configure:4970: checking for nl_types.h
configure:4980: gcc -E  -D_GNU_SOURCE conftest.c
configure:4986: $? = 0
configure:5005: result: yes
configure:4970: checking for malloc.h
configure:4980: gcc -E  -D_GNU_SOURCE conftest.c
configure:4986: $? = 0
configure:5005: result: yes
configure:4970: checking for stddef.h
configure:4980: gcc -E  -D_GNU_SOURCE conftest.c
configure:4986: $? = 0
configure:5005: result: yes
configure:4970: checking for stdlib.h
configure:5005: result: yes
configure:4970: checking for string.h
configure:5005: result: yes
configure:4970: checking for unistd.h
configure:5005: result: yes
configure:4970: checking for sys/param.h
configure:4980: gcc -E  -D_GNU_SOURCE conftest.c
configure:4986: $? = 0
configure:5005: result: yes
configure:5020: checking for feof_unlocked
configure:5057: gcc -o conftest -g -O2  -D_GNU_SOURCE  conftest.c  >&5
configure:5060: $? = 0
configure:5063: test -s conftest
configure:5066: $? = 0
configure:5076: result: yes
configure:5020: checking for fgets_unlocked
configure:5057: gcc -o conftest -g -O2  -D_GNU_SOURCE  conftest.c  >&5
configure:5060: $? = 0
configure:5063: test -s conftest
configure:5066: $? = 0
configure:5076: result: yes
configure:5020: checking for getcwd
configure:5057: gcc -o conftest -g -O2  -D_GNU_SOURCE  conftest.c  >&5
configure:5060: $? = 0
configure:5063: test -s conftest
configure:5066: $? = 0
configure:5076: result: yes
configure:5020: checking for getegid
configure:5057: gcc -o conftest -g -O2  -D_GNU_SOURCE  conftest.c  >&5
configure:5060: $? = 0
configure:5063: test -s conftest
configure:5066: $? = 0
configure:5076: result: yes
configure:5020: checking for geteuid
configure:5057: gcc -o conftest -g -O2  -D_GNU_SOURCE  conftest.c  >&5
configure:5060: $? = 0
configure:5063: test -s conftest
configure:5066: $? = 0
configure:5076: result: yes
configure:5020: checking for getgid
configure:5057: gcc -o conftest -g -O2  -D_GNU_SOURCE  conftest.c  >&5
configure:5060: $? = 0
configure:5063: test -s conftest
configure:5066: $? = 0
configure:5076: result: yes
configure:5020: checking for getuid
configure:5057: gcc -o conftest -g -O2  -D_GNU_SOURCE  conftest.c  >&5
configure:5060: $? = 0
configure:5063: test -s conftest
configure:5066: $? = 0
configure:5076: result: yes
configure:5020: checking for mempcpy
configure:5057: gcc -o conftest -g -O2  -D_GNU_SOURCE  conftest.c  >&5
configure:5036:6: warning: conflicting types for built-in function 'mempcpy' [-Wbuiltin-declaration-mismatch]
    builtin and then its argument prototype would still apply.  */
      ^~~~~~~
configure:5060: $? = 0
configure:5063: test -s conftest
configure:5066: $? = 0
configure:5076: result: yes
configure:5020: checking for munmap
configure:5057: gcc -o conftest -g -O2  -D_GNU_SOURCE  conftest.c  >&5
configure:5060: $? = 0
configure:5063: test -s conftest
configure:5066: $? = 0
configure:5076: result: yes
configure:5020: checking for putenv
configure:5057: gcc -o conftest -g -O2  -D_GNU_SOURCE  conftest.c  >&5
configure:5060: $? = 0
configure:5063: test -s conftest
configure:5066: $? = 0
configure:5076: result: yes
configure:5020: checking for setenv
configure:5057: gcc -o conftest -g -O2  -D_GNU_SOURCE  conftest.c  >&5
configure:5060: $? = 0
configure:5063: test -s conftest
configure:5066: $? = 0
configure:5076: result: yes
configure:5020: checking for setlocale
configure:5057: gcc -o conftest -g -O2  -D_GNU_SOURCE  conftest.c  >&5
configure:5060: $? = 0
configure:5063: test -s conftest
configure:5066: $? = 0
configure:5076: result: yes
configure:5020: checking for stpcpy
configure:5057: gcc -o conftest -g -O2  -D_GNU_SOURCE  conftest.c  >&5
configure:5036:6: warning: conflicting types for built-in function 'stpcpy' [-Wbuiltin-declaration-mismatch]
    builtin and then its argument prototype would still apply.  */
      ^~~~~~
configure:5060: $? = 0
configure:5063: test -s conftest
configure:5066: $? = 0
configure:5076: result: yes
configure:5020: checking for strchr
configure:5057: gcc -o conftest -g -O2  -D_GNU_SOURCE  conftest.c  >&5
configure:5036:6: warning: conflicting types for built-in function 'strchr' [-Wbuiltin-declaration-mismatch]
    builtin and then its argument prototype would still apply.  */
      ^~~~~~
configure:5060: $? = 0
configure:5063: test -s conftest
configure:5066: $? = 0
configure:5076: result: yes
configure:5020: checking for strcasecmp
configure:5057: gcc -o conftest -g -O2  -D_GNU_SOURCE  conftest.c  >&5
configure:5036:6: warning: conflicting types for built-in function 'strcasecmp' [-Wbuiltin-declaration-mismatch]
    builtin and then its argument prototype would still apply.  */
      ^~~~~~~~~~
configure:5060: $? = 0
configure:5063: test -s conftest
configure:5066: $? = 0
configure:5076: result: yes
configure:5020: checking for strdup
configure:5057: gcc -o conftest -g -O2  -D_GNU_SOURCE  conftest.c  >&5
configure:5036:6: warning: conflicting types for built-in function 'strdup' [-Wbuiltin-declaration-mismatch]
    builtin and then its argument prototype would still apply.  */
      ^~~~~~
configure:5060: $? = 0
configure:5063: test -s conftest
configure:5066: $? = 0
configure:5076: result: yes
configure:5020: checking for strtoul
configure:5057: gcc -o conftest -g -O2  -D_GNU_SOURCE  conftest.c  >&5
configure:5060: $? = 0
configure:5063: test -s conftest
configure:5066: $? = 0
configure:5076: result: yes
configure:5020: checking for tsearch
configure:5057: gcc -o conftest -g -O2  -D_GNU_SOURCE  conftest.c  >&5
configure:5060: $? = 0
configure:5063: test -s conftest
configure:5066: $? = 0
configure:5076: result: yes
configure:5020: checking for __argz_count
configure:5057: gcc -o conftest -g -O2  -D_GNU_SOURCE  conftest.c  >&5
configure:5060: $? = 0
configure:5063: test -s conftest
configure:5066: $? = 0
configure:5076: result: yes
configure:5020: checking for __argz_stringify
configure:5057: gcc -o conftest -g -O2  -D_GNU_SOURCE  conftest.c  >&5
configure:5060: $? = 0
configure:5063: test -s conftest
configure:5066: $? = 0
configure:5076: result: yes
configure:5020: checking for __argz_next
configure:5057: gcc -o conftest -g -O2  -D_GNU_SOURCE  conftest.c  >&5
configure:5060: $? = 0
configure:5063: test -s conftest
configure:5066: $? = 0
configure:5076: result: yes
configure:5097: checking for iconv
configure:5121: gcc -o conftest -g -O2  -D_GNU_SOURCE  conftest.c  >&5
configure:5124: $? = 0
configure:5127: test -s conftest
configure:5130: $? = 0
configure:5179: result: yes
configure:5187: checking for iconv declaration
configure:5218: gcc -c -g -O2  -D_GNU_SOURCE conftest.c >&5
configure:5221: $? = 0
configure:5224: test -s conftest.o
configure:5227: $? = 0
configure:5240: result: 
         extern size_t iconv (iconv_t cd, char * *inbuf, size_t *inbytesleft, char * *outbuf, size_t *outbytesleft);
configure:5255: checking for nl_langinfo and CODESET
configure:5273: gcc -o conftest -g -O2  -D_GNU_SOURCE  conftest.c  >&5
configure:5276: $? = 0
configure:5279: test -s conftest
configure:5282: $? = 0
configure:5293: result: yes
configure:5304: checking for LC_MESSAGES
configure:5322: gcc -o conftest -g -O2  -D_GNU_SOURCE  conftest.c  >&5
configure:5325: $? = 0
configure:5328: test -s conftest
configure:5331: $? = 0
configure:5341: result: yes
configure:5351: checking whether NLS is requested
configure:5361: result: no
configure:6413: checking if -lm needed for math functions
configure:6435: gcc -o conftest -g -O2  -D_GNU_SOURCE  conftest.c  >&5
configure: In function 'main':
configure:6428:12: warning: implicit declaration of function 'rand'; did you mean 'nanl'? [-Wimplicit-function-declaration]
 {
            ^   
            nanl
/tmp/ccevsVrw.o: In function `main':
/home/andrea/Dropbox/Work/DOP-E_package/Inversion/serial/NA/src/hv_subs/PROGRAMS.330/dialog-1.1-20080819/configure:6428: undefined reference to `sqrt'
collect2: error: ld returned 1 exit status
configure:6438: $? = 1
configure: failed program was:
#line 6420 "configure"
#include "confdefs.h"

	#include <stdio.h>
	#include <math.h>

int
main ()
{
double x = rand(); printf("result = %g\n", sqrt(x))
  ;
  return 0;
}
configure:6454: result: yes
configure:6463: checking if you want to use dmalloc for testing
configure:6479: result: no
configure:6664: checking if you want to use dbmalloc for testing
configure:6680: result: no
configure:6865: checking if you want to use purify for testing
configure:6881: result: no
configure:6964: checking if you want to use valgrind for testing
configure:6980: result: no
configure:7063: checking if you want to perform memory-leak testing
configure:7085: result: 
configure:7088: checking if you want --trace option
configure:7098: result: yes
configure:7128: checking if you want to build libraries with libtool
configure:7138: result: no
configure:8507: checking for extra include directories
configure:8527: result: no
configure:8531: checking if we have identified curses headers
configure:8557: gcc -c -g -O2  -D_GNU_SOURCE conftest.c >&5
configure:8546:10: fatal error: curses.h: No such file or directory
 #include "confdefs.h"
          ^~~~~~~~~~
compilation terminated.
configure:8560: $? = 1
configure: failed program was:
#line 8545 "configure"
#include "confdefs.h"
#include <curses.h>
int
main ()
{
initscr(); tgoto("?", 0,0)
  ;
  return 0;
}
configure:8557: gcc -c -g -O2  -D_GNU_SOURCE conftest.c >&5
configure:8546:10: fatal error: ncurses.h: No such file or directory
 #include "confdefs.h"
          ^~~~~~~~~~~
compilation terminated.
configure:8560: $? = 1
configure: failed program was:
#line 8545 "configure"
#include "confdefs.h"
#include <ncurses.h>
int
main ()
{
initscr(); tgoto("?", 0,0)
  ;
  return 0;
}
configure:8557: gcc -c -g -O2  -D_GNU_SOURCE conftest.c >&5
configure:8546:10: fatal error: ncurses/curses.h: No such file or directory
 #include "confdefs.h"
          ^~~~~~~~~~~~      
compilation terminated.
configure:8560: $? = 1
configure: failed program was:
#line 8545 "configure"
#include "confdefs.h"
#include <ncurses/curses.h>
int
main ()
{
initscr(); tgoto("?", 0,0)
  ;
  return 0;
}
configure:8557: gcc -c -g -O2  -D_GNU_SOURCE conftest.c >&5
configure:8546:10: fatal error: ncurses/ncurses.h: No such file or directory
 #include "confdefs.h"
          ^~~~~~~~~~~~       
compilation terminated.
configure:8560: $? = 1
configure: failed program was:
#line 8545 "configure"
#include "confdefs.h"
#include <ncurses/ncurses.h>
int
main ()
{
initscr(); tgoto("?", 0,0)
  ;
  return 0;
}
configure:8577: result: none
configure:8581: error: No curses header-files found

## ----------------- ##
## Cache variables.  ##
## ----------------- ##

ac_cv_build='x86_64-unknown-linux-gnu'
ac_cv_build_alias='x86_64-unknown-linux-gnu'
ac_cv_c_compiler_gnu='yes'
ac_cv_c_const='yes'
ac_cv_c_inline='inline'
ac_cv_env_CC_set=''
ac_cv_env_CC_value=''
ac_cv_env_CFLAGS_set=''
ac_cv_env_CFLAGS_value=''
ac_cv_env_CPPFLAGS_set=''
ac_cv_env_CPPFLAGS_value=''
ac_cv_env_CPP_set=''
ac_cv_env_CPP_value=''
ac_cv_env_LDFLAGS_set=''
ac_cv_env_LDFLAGS_value=''
ac_cv_env_build_alias_set=''
ac_cv_env_build_alias_value=''
ac_cv_env_host_alias_set=''
ac_cv_env_host_alias_value=''
ac_cv_env_target_alias_set=''
ac_cv_env_target_alias_value=''
ac_cv_func___argz_count='yes'
ac_cv_func___argz_next='yes'
ac_cv_func___argz_stringify='yes'
ac_cv_func_alloca_works='yes'
ac_cv_func_feof_unlocked='yes'
ac_cv_func_fgets_unlocked='yes'
ac_cv_func_fseeko='yes'
ac_cv_func_getcwd='yes'
ac_cv_func_getegid='yes'
ac_cv_func_geteuid='yes'
ac_cv_func_getgid='yes'
ac_cv_func_getpagesize='yes'
ac_cv_func_getuid='yes'
ac_cv_func_mempcpy='yes'
ac_cv_func_mmap_fixed_mapped='yes'
ac_cv_func_munmap='yes'
ac_cv_func_putenv='yes'
ac_cv_func_setenv='yes'
ac_cv_func_setlocale='yes'
ac_cv_func_stpcpy='yes'
ac_cv_func_strcasecmp='yes'
ac_cv_func_strchr='yes'
ac_cv_func_strdup='yes'
ac_cv_func_strtoul='yes'
ac_cv_func_tsearch='yes'
ac_cv_gnu_library_2_1='yes'
ac_cv_header_argz_h='yes'
ac_cv_header_inttypes_h='yes'
ac_cv_header_limits_h='yes'
ac_cv_header_locale_h='yes'
ac_cv_header_malloc_h='yes'
ac_cv_header_memory_h='yes'
ac_cv_header_nl_types_h='yes'
ac_cv_header_stdc='yes'
ac_cv_header_stddef_h='yes'
ac_cv_header_stdint_h='yes'
ac_cv_header_stdlib_h='yes'
ac_cv_header_string_h='yes'
ac_cv_header_strings_h='yes'
ac_cv_header_sys_param_h='yes'
ac_cv_header_sys_stat_h='yes'
ac_cv_header_sys_types_h='yes'
ac_cv_header_unistd_h='yes'
ac_cv_host='x86_64-unknown-linux-gnu'
ac_cv_host_alias='x86_64-unknown-linux-gnu'
ac_cv_objext='o'
ac_cv_path_install='/usr/bin/install -c'
ac_cv_prog_CPP='gcc -E'
ac_cv_prog_MAKE_LOWER_TAGS='no'
ac_cv_prog_MAKE_UPPER_TAGS='no'
ac_cv_prog_ac_ct_AR='ar'
ac_cv_prog_ac_ct_CC='gcc'
ac_cv_prog_ac_ct_RANLIB='ranlib'
ac_cv_prog_cc_g='yes'
ac_cv_prog_cc_stdc=''
ac_cv_prog_gcc_traditional='no'
ac_cv_prog_make_make_set='yes'
ac_cv_sys_file_offset_bits='no'
ac_cv_sys_large_files='no'
ac_cv_sys_largefile_CC='no'
ac_cv_sys_largefile_source='no'
ac_cv_type_off_t='yes'
ac_cv_type_size_t='yes'
ac_cv_working_alloca_h='yes'
am_cv_func_iconv='yes'
am_cv_langinfo_codeset='yes'
am_cv_lib_iconv='no'
am_cv_proto_iconv='extern size_t iconv (iconv_t cd, char * *inbuf, size_t *inbytesleft, char * *outbuf, size_t *outbytesleft);'
am_cv_proto_iconv_arg1=''
am_cv_val_LC_MESSAGES='yes'
cf_cv_cc_u_d_options='yes'
cf_cv_curses_incdir='no'
cf_cv_gnu_source='yes'
cf_cv_makeflags=''
cf_cv_mixedcase='yes'
cf_cv_ncurses_header='none'
cf_cv_need_libm='yes'
cf_cv_struct_dirent64='no'
cf_cv_system_name='linux-gnu'
nls_cv_header_intl=''
nls_cv_header_libgt=''

## ------------ ##
## confdefs.h.  ##
## ------------ ##

#define PACKAGE "dialog"
#define DIALOG_VERSION "1.1"
#define DIALOG_PATCHDATE 20080819
#define MIXEDCASE_FILENAMES 1
#define SYSTEM_NAME "linux-gnu"
#define HAVE_FSEEKO 1
#define STDC_HEADERS 1
#define HAVE_SYS_TYPES_H 1
#define HAVE_SYS_STAT_H 1
#define HAVE_STDLIB_H 1
#define HAVE_STRING_H 1
#define HAVE_MEMORY_H 1
#define HAVE_STRINGS_H 1
#define HAVE_INTTYPES_H 1
#define HAVE_STDINT_H 1
#define HAVE_UNISTD_H 1
#define HAVE_ALLOCA_H 1
#define HAVE_ALLOCA 1
#define HAVE_STDLIB_H 1
#define HAVE_UNISTD_H 1
#define HAVE_GETPAGESIZE 1
#define HAVE_MMAP 1
#define HAVE_ARGZ_H 1
#define HAVE_LIMITS_H 1
#define HAVE_LOCALE_H 1
#define HAVE_NL_TYPES_H 1
#define HAVE_MALLOC_H 1
#define HAVE_STDDEF_H 1
#define HAVE_STDLIB_H 1
#define HAVE_STRING_H 1
#define HAVE_UNISTD_H 1
#define HAVE_SYS_PARAM_H 1
#define HAVE_FEOF_UNLOCKED 1
#define HAVE_FGETS_UNLOCKED 1
#define HAVE_GETCWD 1
#define HAVE_GETEGID 1
#define HAVE_GETEUID 1
#define HAVE_GETGID 1
#define HAVE_GETUID 1
#define HAVE_MEMPCPY 1
#define HAVE_MUNMAP 1
#define HAVE_PUTENV 1
#define HAVE_SETENV 1
#define HAVE_SETLOCALE 1
#define HAVE_STPCPY 1
#define HAVE_STRCHR 1
#define HAVE_STRCASECMP 1
#define HAVE_STRDUP 1
#define HAVE_STRTOUL 1
#define HAVE_TSEARCH 1
#define HAVE___ARGZ_COUNT 1
#define HAVE___ARGZ_STRINGIFY 1
#define HAVE___ARGZ_NEXT 1
#define HAVE_ICONV 1
#define ICONV_CONST 
#define HAVE_LANGINFO_CODESET 1
#define HAVE_LC_MESSAGES 1
#define HAVE_DLG_TRACE 1


configure: exit 1
